<?xml version="1.0" encoding="UTF-8" ?>
<testsuite tests="3" failures="0" name="com.foreignstep.hibernatedemo.test.FacultyDaoTest" time="16.315" errors="0"
           skipped="2">
    <properties>
        <property name="java.runtime.name" value="Java(TM) SE Runtime Environment"/>
        <property name="java.vm.version" value="14+36-1461"/>
        <property name="sun.boot.library.path" value="C:\Program Files\Java\jdk-14\bin"/>
        <property name="maven.multiModuleProjectDirectory" value="C:\Users\HP\Desktop\Tomal sirs AJ\HibernateDemo"/>
        <property name="java.vm.vendor" value="Oracle Corporation"/>
        <property name="java.vendor.url" value="https://java.oracle.com/"/>
        <property name="guice.disable.misplaced.annotation.check" value="true"/>
        <property name="path.separator" value=";"/>
        <property name="java.vm.name" value="Java HotSpot(TM) 64-Bit Server VM"/>
        <property name="sun.os.patch.level" value=""/>
        <property name="user.script" value=""/>
        <property name="user.country" value="US"/>
        <property name="sun.java.launcher" value="SUN_STANDARD"/>
        <property name="test" value="com.foreignstep.hibernatedemo.test.FacultyDaoTest"/>
        <property name="java.vm.specification.name" value="Java Virtual Machine Specification"/>
        <property name="user.dir" value="C:\Users\HP\Desktop\Tomal sirs AJ\HibernateDemo"/>
        <property name="java.vm.compressedOopsMode" value="32-bit"/>
        <property name="java.runtime.version" value="14+36-1461"/>
        <property name="os.arch" value="amd64"/>
        <property name="java.io.tmpdir" value="C:\Users\HP\AppData\Local\Temp\"/>
        <property name="line.separator" value="
"/>
        <property name="java.vm.specification.vendor" value="Oracle Corporation"/>
        <property name="user.variant" value=""/>
        <property name="os.name" value="Windows 10"/>
        <property name="maven.ext.class.path"
                  value="C:\Program Files\NetBeans-12.0\netbeans\java\maven-nblib\netbeans-eventspy.jar"/>
        <property name="classworlds.conf"
                  value="C:\Program Files\NetBeans-12.0\netbeans\java\maven\bin\..\bin\m2.conf"/>
        <property name="sun.jnu.encoding" value="Cp1252"/>
        <property name="java.library.path"
                  value="C:\Program Files\Java\jdk-14\bin;C:\WINDOWS\Sun\Java\bin;C:\WINDOWS\system32;C:\WINDOWS;C:\Program Files (x86)\Common Files\Oracle\Java\javapath;C:\ProgramData\Oracle\Java\javapath;C:\WINDOWS\system32;C:\WINDOWS;C:\WINDOWS\System32\Wbem;C:\WINDOWS\System32\WindowsPowerShell\v1.0\;C:\WINDOWS\System32\OpenSSH\;C:\Program Files\Java\jdk-14\bin;C:\Program Files\MySQL\MySQL Shell 8.0\bin\;C:\Users\HP\AppData\Local\Microsoft\WindowsApps;C:\xampp\mysql\bin;C:\MinGW\bin;C:\Users\HP\AppData\Local\Programs\Microsoft VS Code\bin;."/>
        <property name="maven.conf" value="C:\Program Files\NetBeans-12.0\netbeans\java\maven\bin\../conf"/>
        <property name="jdk.debug" value="release"/>
        <property name="java.class.version" value="58.0"/>
        <property name="java.specification.name" value="Java Platform API Specification"/>
        <property name="sun.management.compiler" value="HotSpot 64-Bit Tiered Compilers"/>
        <property name="os.version" value="10.0"/>
        <property name="library.jansi.path"
                  value="C:\Program Files\NetBeans-12.0\netbeans\java\maven\bin\..\lib\jansi-native"/>
        <property name="user.home" value="C:\Users\HP"/>
        <property name="user.timezone" value="Asia/Dhaka"/>
        <property name="file.encoding" value="UTF-8"/>
        <property name="java.specification.version" value="14"/>
        <property name="user.name" value="HP"/>
        <property name="java.class.path"
                  value="C:\Program Files\NetBeans-12.0\netbeans\java\maven\bin\..\boot\plexus-classworlds-2.6.0.jar"/>
        <property name="java.vm.specification.version" value="14"/>
        <property name="sun.arch.data.model" value="64"/>
        <property name="sun.java.command"
                  value="org.codehaus.plexus.classworlds.launcher.Launcher -Dtest=com.foreignstep.hibernatedemo.test.FacultyDaoTest -Dmaven.ext.class.path=C:\Program Files\NetBeans-12.0\netbeans\java\maven-nblib\netbeans-eventspy.jar -Dfile.encoding=UTF-8 test-compile surefire:test"/>
        <property name="java.home" value="C:\Program Files\Java\jdk-14"/>
        <property name="user.language" value="en"/>
        <property name="java.specification.vendor" value="Oracle Corporation"/>
        <property name="java.vm.info" value="mixed mode, sharing"/>
        <property name="java.version" value="14"/>
        <property name="java.vendor" value="Oracle Corporation"/>
        <property name="maven.home" value="C:\Program Files\NetBeans-12.0\netbeans\java\maven\bin\.."/>
        <property name="file.separator" value="\"/>
        <property name="java.version.date" value="2020-03-17"/>
        <property name="java.vendor.url.bug" value="https://bugreport.java.com/bugreport/"/>
        <property name="sun.io.unicode.encoding" value="UnicodeLittle"/>
        <property name="sun.cpu.endian" value="little"/>
        <property name="sun.cpu.isalist" value="amd64"/>
    </properties>
    <testcase classname="com.foreignstep.hibernatedemo.test.FacultyDaoTest" name="testRetrieve_String" time="0.193">
        <skipped/>
    </testcase>
    <testcase classname="com.foreignstep.hibernatedemo.test.FacultyDaoTest" name="testRetrieve_0args" time="0.193">
        <skipped/>
    </testcase>
    <testcase classname="com.foreignstep.hibernatedemo.test.FacultyDaoTest" name="testCreate" time="15.929"/>
</testsuite>